# JRE version: OpenJDK Runtime Environment (21.0.10) (build 21.0.10+-14961533-b1163.108)
# Java VM: OpenJDK 64-Bit Server VM (21.0.10+-14961533-b1163.108, mixed mode, tiered, compressed oops, compressed class ptrs, g1 gc, windows-amd64)
GC Precious Log:
 CardTable entry size: 512
 Card Set container configuration: InlinePtr #cards 4 size 8 Array Of Cards #cards 32 size 80 Howl #buckets 8 coarsen threshold 7372 Howl Bitmap #cards 1024 size 144 coarsen threshold 921 Card regions per heap region 1 cards per card region 8192
 CPUs: 2 total, 2 available
 Memory: 3737M
 Large Page Support: Disabled
 NUMA Support: Disabled
 Compressed Oops: Enabled (Zero based)
 Heap Region Size: 4M
 Heap Min Capacity: 8M
 Heap Initial Capacity: 60M
 Heap Max Capacity: 8G
 Pre-touch: Disabled
 Parallel Workers: 2
 Concurrent Workers: 1
 Concurrent Refinement Workers: 2
 Periodic GC: Disabled
Heap:
 garbage-first heap   total 1437696K, used 211778K [0x0000000600000000, 0x0000000800000000)
  region size 4096K, 1 young (4096K), 1 survivors (4096K)
 Metaspace       used 189426K, committed 192192K, reserved 1245184K
  class space    used 25859K, committed 27200K, reserved 1048576K
GC Heap History (20 events):
Event: 4914.572 GC heap after
{Heap after GC invocations=226 (full 0):
 garbage-first heap   total 1122304K, used 211633K [0x0000000600000000, 0x0000000800000000)
  region size 4096K, 1 young (4096K), 1 survivors (4096K)
 Metaspace       used 189374K, committed 192128K, reserved 1245184K
  class space    used 25855K, committed 27200K, reserved 1048576K
}
Event: 5004.556 GC heap before
{Heap before GC invocations=226 (full 0):
 garbage-first heap   total 1122304K, used 301745K [0x0000000600000000, 0x0000000800000000)
  region size 4096K, 23 young (94208K), 1 survivors (4096K)
 Metaspace       used 189400K, committed 192128K, reserved 1245184K
  class space    used 25859K, committed 27200K, reserved 1048576K
}
Event: 5005.416 GC heap after
{Heap after GC invocations=227 (full 0):
 garbage-first heap   total 1122304K, used 211773K [0x0000000600000000, 0x0000000800000000)
  region size 4096K, 1 young (4096K), 1 survivors (4096K)
 Metaspace       used 189400K, committed 192128K, reserved 1245184K
  class space    used 25859K, committed 27200K, reserved 1048576K
}
Event: 5104.498 GC heap before
{Heap before GC invocations=227 (full 0):
 garbage-first heap   total 1122304K, used 318269K [0x0000000600000000, 0x0000000800000000)
  region size 4096K, 27 young (110592K), 1 survivors (4096K)
 Metaspace       used 189407K, committed 192128K, reserved 1245184K
  class space    used 25859K, committed 27200K, reserved 1048576K
}
Event: 5104.616 GC heap after
{Heap after GC invocations=228 (full 0):
 garbage-first heap   total 1122304K, used 211754K [0x0000000600000000, 0x0000000800000000)
  region size 4096K, 1 young (4096K), 1 survivors (4096K)
 Metaspace       used 189407K, committed 192128K, reserved 1245184K
  class space    used 25859K, committed 27200K, reserved 1048576K
}
Event: 32370.196 GC heap before
{Heap before GC invocations=228 (full 0):
 garbage-first heap   total 1122304K, used 461610K [0x0000000600000000, 0x0000000800000000)
  region size 4096K, 62 young (253952K), 1 survivors (4096K)
 Metaspace       used 189426K, committed 192192K, reserved 1245184K
  class space    used 25859K, committed 27200K, reserved 1048576K
}
Event: 32378.752 GC heap after
{Heap after GC invocations=229 (full 0):
 garbage-first heap   total 1122304K, used 211865K [0x0000000600000000, 0x0000000800000000)
  region size 4096K, 1 young (4096K), 1 survivors (4096K)
 Metaspace       used 189426K, committed 192192K, reserved 1245184K
  class space    used 25859K, committed 27200K, reserved 1048576K
}
Event: 32381.169 GC heap before
{Heap before GC invocations=229 (full 0):
 garbage-first heap   total 1122304K, used 261017K [0x0000000600000000, 0x0000000800000000)
  region size 4096K, 13 young (53248K), 1 survivors (4096K)
 Metaspace       used 189426K, committed 192192K, reserved 1245184K
  class space    used 25859K, committed 27200K, reserved 1048576K
}
Event: 32385.027 GC heap after
{Heap after GC invocations=230 (full 0):
 garbage-first heap   total 1122304K, used 211903K [0x0000000600000000, 0x0000000800000000)
  region size 4096K, 1 young (4096K), 1 survivors (4096K)
 Metaspace       used 189426K, committed 192192K, reserved 1245184K
  class space    used 25859K, committed 27200K, reserved 1048576K
}
Event: 32385.902 GC heap before
{Heap before GC invocations=230 (full 0):
 garbage-first heap   total 1122304K, used 261055K [0x0000000600000000, 0x0000000800000000)
  region size 4096K, 13 young (53248K), 1 survivors (4096K)
 Metaspace       used 189426K, committed 192192K, reserved 1245184K
  class space    used 25859K, committed 27200K, reserved 1048576K
}
Event: 32395.029 GC heap after
{Heap after GC invocations=231 (full 0):
 garbage-first heap   total 1347584K, used 211846K [0x0000000600000000, 0x0000000800000000)
  region size 4096K, 1 young (4096K), 1 survivors (4096K)
 Metaspace       used 189426K, committed 192192K, reserved 1245184K
  class space    used 25859K, committed 27200K, reserved 1048576K
}
Event: 32395.849 GC heap before
{Heap before GC invocations=231 (full 0):
 garbage-first heap   total 1347584K, used 273286K [0x0000000600000000, 0x0000000800000000)
  region size 4096K, 16 young (65536K), 1 survivors (4096K)
 Metaspace       used 189426K, committed 192192K, reserved 1245184K
  class space    used 25859K, committed 27200K, reserved 1048576K
}
Event: 32397.165 GC heap after
{Heap after GC invocations=232 (full 0):
 garbage-first heap   total 1347584K, used 211804K [0x0000000600000000, 0x0000000800000000)
  region size 4096K, 1 young (4096K), 1 survivors (4096K)
 Metaspace       used 189426K, committed 192192K, reserved 1245184K
  class space    used 25859K, committed 27200K, reserved 1048576K
}
Event: 32400.291 GC heap before
{Heap before GC invocations=232 (full 0):
 garbage-first heap   total 1347584K, used 273244K [0x0000000600000000, 0x0000000800000000)
  region size 4096K, 16 young (65536K), 1 survivors (4096K)
 Metaspace       used 189426K, committed 192192K, reserved 1245184K
  class space    used 25859K, committed 27200K, reserved 1048576K
}
Event: 32400.767 GC heap after
{Heap after GC invocations=233 (full 0):
 garbage-first heap   total 1347584K, used 211818K [0x0000000600000000, 0x0000000800000000)
  region size 4096K, 1 young (4096K), 1 survivors (4096K)
 Metaspace       used 189426K, committed 192192K, reserved 1245184K
  class space    used 25859K, committed 27200K, reserved 1048576K
}
Event: 32402.440 GC heap before
{Heap before GC invocations=233 (full 0):
 garbage-first heap   total 1347584K, used 273258K [0x0000000600000000, 0x0000000800000000)
  region size 4096K, 16 young (65536K), 1 survivors (4096K)
 Metaspace       used 189426K, committed 192192K, reserved 1245184K
  class space    used 25859K, committed 27200K, reserved 1048576K
}
Event: 32402.444 GC heap after
{Heap after GC invocations=234 (full 0):
 garbage-first heap   total 1347584K, used 211800K [0x0000000600000000, 0x0000000800000000)
  region size 4096K, 1 young (4096K), 1 survivors (4096K)
 Metaspace       used 189426K, committed 192192K, reserved 1245184K
  class space    used 25859K, committed 27200K, reserved 1048576K
}
Event: 32407.894 GC heap before
{Heap before GC invocations=234 (full 0):
 garbage-first heap   total 1347584K, used 273240K [0x0000000600000000, 0x0000000800000000)
  region size 4096K, 16 young (65536K), 1 survivors (4096K)
 Metaspace       used 189426K, committed 192192K, reserved 1245184K
  class space    used 25859K, committed 27200K, reserved 1048576K
}
Event: 32408.201 GC heap after
{Heap after GC invocations=235 (full 0):
 garbage-first heap   total 1347584K, used 211813K [0x0000000600000000, 0x0000000800000000)
  region size 4096K, 1 young (4096K), 1 survivors (4096K)
 Metaspace       used 189426K, committed 192192K, reserved 1245184K
  class space    used 25859K, committed 27200K, reserved 1048576K
}
Event: 32410.169 GC heap before
{Heap before GC invocations=235 (full 0):
 garbage-first heap   total 1347584K, used 273253K [0x0000000600000000, 0x0000000800000000)
  region size 4096K, 16 young (65536K), 1 survivors (4096K)
 Metaspace       used 189426K, committed 192192K, reserved 1245184K
  class space    used 25859K, committed 27200K, reserved 1048576K
}

